<?xml version="1.0" encoding="UTF-8"?>
<testng-results ignored="0" total="1" passed="1" failed="0" skipped="0">
  <reporter-output>
  </reporter-output>
  <suite started-at="2024-10-28T18:31:18Z" name="Default suite" finished-at="2024-10-28T18:31:19Z" duration-ms="1290">
    <groups>
      <group name="cucumber">
        <method signature="AbstractTestNGCucumberTests.runScenario(io.cucumber.testng.PickleWrapper, io.cucumber.testng.FeatureWrapper)[pri:0, instance:com.runner.ParaBankLoginRunner@2320fa6f]" name="runScenario" class="io.cucumber.testng.AbstractTestNGCucumberTests"/>
      </group> <!-- cucumber -->
    </groups>
    <test started-at="2024-10-28T18:31:18Z" name="Default test" finished-at="2024-10-28T18:31:19Z" duration-ms="1290">
      <class name="com.runner.ParaBankLoginRunner">
        <test-method is-config="true" signature="setup()[pri:0, instance:com.runner.ParaBankLoginRunner@2320fa6f]" started-at="2024-10-28T18:31:18Z" name="setup" finished-at="2024-10-28T18:31:18Z" duration-ms="6" status="PASS">
          <reporter-output>
          </reporter-output>
        </test-method> <!-- setup -->
        <test-method is-config="true" signature="setUpClass()[pri:0, instance:com.runner.ParaBankLoginRunner@2320fa6f]" started-at="2024-10-28T18:31:18Z" name="setUpClass" finished-at="2024-10-28T18:31:18Z" duration-ms="266" status="PASS">
          <reporter-output>
          </reporter-output>
        </test-method> <!-- setUpClass -->
        <test-method signature="runScenario(io.cucumber.testng.PickleWrapper, io.cucumber.testng.FeatureWrapper)[pri:0, instance:com.runner.ParaBankLoginRunner@2320fa6f]" started-at="2024-10-28T18:31:18Z" name="runScenario" description="Runs Cucumber Scenarios" data-provider="scenarios" finished-at="2024-10-28T18:31:18Z" duration-ms="85" status="PASS">
          <params>
            <param index="0">
              <value>
                <![CDATA["As a user I want to login to Parabank website using valid credentials"]]>
              </value>
            </param>
            <param index="1">
              <value>
                <![CDATA["Optional[Parabank Login Testing]"]]>
              </value>
            </param>
          </params>
          <reporter-output>
          </reporter-output>
        </test-method> <!-- runScenario -->
        <test-method is-config="true" signature="tearDownClass()[pri:0, instance:com.runner.ParaBankLoginRunner@2320fa6f]" started-at="2024-10-28T18:31:18Z" name="tearDownClass" finished-at="2024-10-28T18:31:19Z" duration-ms="922" status="PASS">
          <reporter-output>
          </reporter-output>
        </test-method> <!-- tearDownClass -->
      </class> <!-- com.runner.ParaBankLoginRunner -->
    </test> <!-- Default test -->
  </suite> <!-- Default suite -->
</testng-results>
